<?xml version="1.0" encoding="UTF-8"?>
<testsuite name="agregar y eliminar productos del carro de compra" tests="1" skipped="0" failures="0" errors="0" timestamp="2022-12-16T03:53:47" hostname="GUILLERMO" time="139.601">
  <properties/>
  <testcase name="agregar productos al carro y eliminar exitosamente" classname="agregar y eliminar productos del carro de compra" time="139.601"/>
  <system-out><![CDATA[]]></system-out>
  <system-err><![CDATA[dic 15, 2022 10:53:48 PM org.openqa.selenium.remote.DesiredCapabilities chrome
INFORMACIÓN: Using `new ChromeOptions()` is preferred to `DesiredCapabilities.chrome()`
[Test worker] INFO net.serenitybdd.core.webdriver.driverproviders.ProvideNewDriver - Instantiating driver
[Test worker] INFO net.serenitybdd.core.webdriver.driverproviders.ProvideNewDriver - Driver capabilities: Capabilities {acceptInsecureCerts: false, browserName: chrome, goog:chromeOptions: {args: [], extensions: []}, loggingPrefs: org.openqa.selenium.logging..., platform: ANY, version: }
Starting ChromeDriver 107.0.5304.62 (1eec40d3a5764881c92085aaee66d25075c159aa-refs/branch-heads/5304@{#942}) on port 16026
Only local connections are allowed.
Please see https://chromedriver.chromium.org/security-considerations for suggestions on keeping ChromeDriver safe.
ChromeDriver was started successfully.
[1671162833.020][WARNING]: This version of ChromeDriver has not been tested with Chrome version 108.
dic 15, 2022 10:53:54 PM org.openqa.selenium.remote.ProtocolHandshake createSession
INFORMACIÓN: Detected dialect: W3C
[Test worker] INFO net.thucydides.core.steps.ConsoleLoggingListener - 
        __    _____ _____ ____ _____   ____   _    ____  ____  _____ ____  
  _     \ \  |_   _| ____/ ___|_   _| |  _ \ / \  / ___|/ ___|| ____|  _ \ 
 (_)_____| |   | | |  _| \___ \ | |   | |_) / _ \ \___ \\___ \|  _| | | | |
  _|_____| |   | | | |___ ___) || |   |  __/ ___ \ ___) |___) | |___| |_| |
 (_)     | |   |_| |_____|____/ |_|   |_| /_/   \_\____/|____/|_____|____/ 
        /_/                                                                

TEST PASSED: agregar productos al carro y eliminar exitosamente
----------------------------------------------------------------------------
]]></system-err>
</testsuite>
